Device Index: 0
  Selected: false
  Device Name:         Intel(R) Celeron(R) CPU 1005M @ 1.90GHz
  Device Vendor: Intel(R) Corporation
  Device Version: OpenCL 1.2 (Build 76427)
  Driver Version: 3.0.1.10891
  Device Type: cpu 
  Device Extensions: cl_khr_fp64 cl_khr_icd cl_khr_global_int32_base_atomics cl_khr_global_int32_extended_atomics cl_khr_local_int32_base_atomics cl_khr_local_int32_extended_atomics cl_khr_byte_addressable_store cl_intel_printf cl_ext_device_fission cl_intel_exec_by_local_thread cl_khr_gl_sharing cl_intel_dx9_media_sharing cl_khr_dx9_media_sharing cl_khr_d3d11_sharing 
  Device OpenCL C Version: OpenCL C 1.2 
  Device Available: true
  Device Compiler Available: true
  Device Linker Available: true
  Platform Name: Intel(R) OpenCL
  Platform Vendor: Intel(R) Corporation
  Platform Version: OpenCL 1.2 
  Platform Profile: FULL_PROFILE
  Platform Extensions: cl_intel_dx9_media_sharing cl_khr_byte_addressable_store cl_khr_d3d11_sharing cl_khr_dx9_media_sharing cl_khr_gl_sharing cl_khr_global_int32_base_atomics cl_khr_global_int32_extended_atomics cl_khr_icd cl_khr_local_int32_base_atomics cl_khr_local_int32_extended_atomics

Device Index: 1
  Selected: false
  Device Name: Intel(R) HD Graphics
  Device Vendor: Intel(R) Corporation
  Device Version: OpenCL 1.2 
  Driver Version: 10.18.10.4358
  Device Type: gpu 
  Device Extensions: cl_intel_d3d11_nv12_media_sharing cl_intel_dx9_media_sharing cl_khr_3d_image_writes cl_khr_byte_addressable_store cl_khr_d3d10_sharing cl_khr_d3d11_sharing cl_khr_depth_images cl_khr_dx9_media_sharing cl_khr_gl_depth_images cl_khr_gl_event cl_khr_gl_msaa_sharing cl_khr_gl_sharing cl_khr_global_int32_base_atomics cl_khr_global_int32_extended_atomics cl_khr_icd cl_khr_image2d_from_buffer cl_khr_local_int32_base_atomics cl_khr_local_int32_extended_atomics cl_intel_accelerator cl_intel_motion_estimation 
  Device OpenCL C Version: OpenCL C 1.2 
  Device Available: true
  Device Compiler Available: true
  Device Linker Available: true
  Platform Name: Intel(R) OpenCL
  Platform Vendor: Intel(R) Corporation
  Platform Version: OpenCL 1.2 
  Platform Profile: FULL_PROFILE
  Platform Extensions: cl_intel_dx9_media_sharing cl_khr_byte_addressable_store cl_khr_d3d11_sharing cl_khr_dx9_media_sharing cl_khr_gl_sharing cl_khr_global_int32_base_atomics cl_khr_global_int32_extended_atomics cl_khr_icd cl_khr_local_int32_base_atomics cl_khr_local_int32_extended_atomics

